TN:
SF:src/modules/Business/Domain/Business.ts
FN:16,business
FN:28,create
FN:40,get id
FN:44,get Name
FN:48,get CompanyName
FN:52,get Cpf_cnpj
FN:56,get Domain
FN:60,get MailDefault
FN:64,get MailSuport
FN:68,get MailPagament
FN:72,get MailNoreply
FNF:11
FNH:11
FNDA:3,business
FNDA:6,create
FNDA:3,get id
FNDA:2,get Name
FNDA:2,get CompanyName
FNDA:2,get Cpf_cnpj
FNDA:2,get Domain
FNDA:2,get MailDefault
FNDA:2,get MailSuport
FNDA:2,get MailPagament
FNDA:2,get MailNoreply
DA:1,1
DA:2,1
DA:3,1
DA:4,1
DA:5,1
DA:6,1
DA:7,1
DA:8,1
DA:9,1
DA:10,1
DA:11,1
DA:12,1
DA:13,1
DA:14,1
DA:15,1
DA:16,1
DA:17,3
DA:18,3
DA:19,3
DA:20,3
DA:21,3
DA:22,3
DA:23,3
DA:24,3
DA:25,3
DA:26,3
DA:27,1
DA:28,1
DA:29,6
DA:30,6
DA:31,2
DA:32,2
DA:33,6
DA:34,1
DA:35,1
DA:36,6
DA:37,6
DA:38,6
DA:39,1
DA:40,1
DA:41,3
DA:42,3
DA:43,1
DA:44,1
DA:45,2
DA:46,2
DA:47,1
DA:48,1
DA:49,2
DA:50,2
DA:51,1
DA:52,1
DA:53,2
DA:54,2
DA:55,1
DA:56,1
DA:57,2
DA:58,2
DA:59,1
DA:60,1
DA:61,2
DA:62,2
DA:63,1
DA:64,1
DA:65,2
DA:66,2
DA:67,1
DA:68,1
DA:69,2
DA:70,2
DA:71,1
DA:72,1
DA:73,2
DA:74,2
DA:75,1
LF:75
LH:75
BRDA:16,0,0,3
BRDA:28,1,0,6
BRDA:30,2,0,2
BRDA:33,3,0,1
BRDA:40,4,0,3
BRDA:44,5,0,2
BRDA:48,6,0,2
BRDA:52,7,0,2
BRDA:56,8,0,2
BRDA:60,9,0,2
BRDA:64,10,0,2
BRDA:68,11,0,2
BRDA:72,12,0,2
BRF:13
BRH:13
end_of_record
TN:
SF:src/modules/Business/Services/CreateBusiness.ts
FN:10,CreateBusiness
FN:14,create
FNF:2
FNH:2
FNDA:1,CreateBusiness
FNDA:3,create
DA:1,1
DA:2,1
DA:3,1
DA:4,1
DA:5,1
DA:6,1
DA:7,1
DA:8,1
DA:9,1
DA:10,1
DA:11,1
DA:12,1
DA:13,1
DA:14,1
DA:15,3
DA:16,3
DA:17,3
DA:18,3
DA:19,1
DA:20,1
DA:21,2
DA:22,2
DA:23,2
DA:24,3
DA:25,1
DA:26,1
DA:27,1
DA:28,1
DA:29,1
DA:30,1
DA:31,1
LF:31
LH:31
BRDA:10,0,0,1
BRDA:14,1,0,3
BRDA:18,2,0,1
BRDA:21,3,0,2
BRDA:24,4,0,1
BRF:5
BRH:5
end_of_record
